


ARM Macro Assembler    Page 1 


    1 00000000         ;*******************************************************
                       ***********************
    2 00000000         ;
    3 00000000         ;                             INTERRUPT VECTORS
    4 00000000         ;                                    ARM
    5 00000000         ;                             KEIL's uVision3 
    6 00000000         ;                   (RealView Microprocessor Developer K
                       it)
    7 00000000         ;
    8 00000000         ; Filename      : vectors.s
    9 00000000         ;*******************************************************
                       ***********************
   10 00000000         
   11 00000000                 PRESERVE8
   12 00000000                 AREA             VECT, CODE, READONLY ; Name thi
                                                            s block of code    
                                                                               
                                                                        ;
   13 00000000                 ARM
   14 00000000                 ENTRY
   15 00000000         
   16 00000000         ;*******************************************************
                       ***********************
   17 00000000         ;                                  IMPORTS
   18 00000000         ;*******************************************************
                       ***********************
   19 00000000         
   20 00000000                 IMPORT           OS_CPU_ARM_ExceptUndefInstrHndl
r
   21 00000000                 IMPORT           OS_CPU_ARM_ExceptSwiHndlr
   22 00000000                 IMPORT           OS_CPU_ARM_ExceptPrefetchAbortH
ndlr
   23 00000000                 IMPORT           OS_CPU_ARM_ExceptDataAbortHndlr
   24 00000000                 IMPORT           OS_CPU_ARM_ExceptIrqHndlr
   25 00000000                 IMPORT           OS_CPU_ARM_ExceptFiqHndlr
   26 00000000                 IMPORT           ResetHndlr
   27 00000000         
   28 00000000         
   29 00000000         ;*******************************************************
                       ***********************
   30 00000000         ;                                  EXPORTS
   31 00000000         ;*******************************************************
                       ***********************
   32 00000000         
   33 00000000         
   34 00000000         ;*******************************************************
                       ***********************
   35 00000000         ;                                DEFINITIONS
   36 00000000         ;*******************************************************
                       ***********************
   37 00000000         
   38 00000000         
   39 00000000         ;*******************************************************
                       ***********************
   40 00000000         ;                      INITIALIZE EXCEPTION VECTORS
   41 00000000         ;*******************************************************
                       ***********************
   42 00000000         
   43 00000000         Vectors



ARM Macro Assembler    Page 2 


   44 00000000 E59FF018        ldr              pc, Reset_Addr
   45 00000004 E59FF018        ldr              pc, Undef_Addr
   46 00000008 E59FF018        ldr              pc, SWI_Addr
   47 0000000C E59FF018        ldr              pc, Prefetch_Addr
   48 00000010 E59FF018        ldr              pc, Abort_Addr
   49 00000014 E1A00000        nop
   50 00000018 E59FF018        ldr              pc, IRQ_Addr
   51 0000001C E59FF018        ldr              pc, FIQ_Addr
   52 00000020         
   53 00000020 00000000 
                       Reset_Addr
                               dcd              ResetHndlr
   54 00000024 00000000 
                       Undef_Addr
                               dcd              OS_CPU_ARM_ExceptUndefInstrHndl
r
   55 00000028 00000000 
                       SWI_Addr
                               dcd              OS_CPU_ARM_ExceptSwiHndlr
   56 0000002C 00000000 
                       Prefetch_Addr
                               dcd              OS_CPU_ARM_ExceptPrefetchAbortH
ndlr
   57 00000030 00000000 
                       Abort_Addr
                               dcd              OS_CPU_ARM_ExceptDataAbortHndlr
   58 00000034 E1A00000        nop
   59 00000038 00000000 
                       IRQ_Addr
                               dcd              OS_CPU_ARM_ExceptIrqHndlr
   60 0000003C 00000000 
                       FIQ_Addr
                               dcd              OS_CPU_ARM_ExceptFiqHndlr
   61 00000040         
   62 00000040         
   63 00000040                 END
Command Line: --debug --xref --device=DARMP --apcs=interwork -o.\obj\vectors.o 
-IC:\Keil\ARM\INC\Philips --predefine="__EVAL SETA 1" --list=.\list\vectors.lst
 ..\BSP\vectors.s



ARM Macro Assembler    Page 1 Alphabetic symbol ordering
Relocatable symbols

Abort_Addr 00000030

Symbol: Abort_Addr
   Definitions
      At line 57 in file ..\BSP\vectors.s
   Uses
      At line 48 in file ..\BSP\vectors.s
Comment: Abort_Addr used once
FIQ_Addr 0000003C

Symbol: FIQ_Addr
   Definitions
      At line 60 in file ..\BSP\vectors.s
   Uses
      At line 51 in file ..\BSP\vectors.s
Comment: FIQ_Addr used once
IRQ_Addr 00000038

Symbol: IRQ_Addr
   Definitions
      At line 59 in file ..\BSP\vectors.s
   Uses
      At line 50 in file ..\BSP\vectors.s
Comment: IRQ_Addr used once
Prefetch_Addr 0000002C

Symbol: Prefetch_Addr
   Definitions
      At line 56 in file ..\BSP\vectors.s
   Uses
      At line 47 in file ..\BSP\vectors.s
Comment: Prefetch_Addr used once
Reset_Addr 00000020

Symbol: Reset_Addr
   Definitions
      At line 53 in file ..\BSP\vectors.s
   Uses
      At line 44 in file ..\BSP\vectors.s
Comment: Reset_Addr used once
SWI_Addr 00000028

Symbol: SWI_Addr
   Definitions
      At line 55 in file ..\BSP\vectors.s
   Uses
      At line 46 in file ..\BSP\vectors.s
Comment: SWI_Addr used once
Undef_Addr 00000024

Symbol: Undef_Addr
   Definitions
      At line 54 in file ..\BSP\vectors.s
   Uses
      At line 45 in file ..\BSP\vectors.s
Comment: Undef_Addr used once
VECT 00000000

Symbol: VECT



ARM Macro Assembler    Page 2 Alphabetic symbol ordering
Relocatable symbols

   Definitions
      At line 12 in file ..\BSP\vectors.s
   Uses
      None
Comment: VECT unused
Vectors 00000000

Symbol: Vectors
   Definitions
      At line 43 in file ..\BSP\vectors.s
   Uses
      None
Comment: Vectors unused
9 symbols



ARM Macro Assembler    Page 1 Alphabetic symbol ordering
External symbols

OS_CPU_ARM_ExceptDataAbortHndlr 00000000

Symbol: OS_CPU_ARM_ExceptDataAbortHndlr
   Definitions
      At line 23 in file ..\BSP\vectors.s
   Uses
      At line 57 in file ..\BSP\vectors.s
Comment: OS_CPU_ARM_ExceptDataAbortHndlr used once
OS_CPU_ARM_ExceptFiqHndlr 00000000

Symbol: OS_CPU_ARM_ExceptFiqHndlr
   Definitions
      At line 25 in file ..\BSP\vectors.s
   Uses
      At line 60 in file ..\BSP\vectors.s
Comment: OS_CPU_ARM_ExceptFiqHndlr used once
OS_CPU_ARM_ExceptIrqHndlr 00000000

Symbol: OS_CPU_ARM_ExceptIrqHndlr
   Definitions
      At line 24 in file ..\BSP\vectors.s
   Uses
      At line 59 in file ..\BSP\vectors.s
Comment: OS_CPU_ARM_ExceptIrqHndlr used once
OS_CPU_ARM_ExceptPrefetchAbortHndlr 00000000

Symbol: OS_CPU_ARM_ExceptPrefetchAbortHndlr
   Definitions
      At line 22 in file ..\BSP\vectors.s
   Uses
      At line 56 in file ..\BSP\vectors.s
Comment: OS_CPU_ARM_ExceptPrefetchAbortHndlr used once
OS_CPU_ARM_ExceptSwiHndlr 00000000

Symbol: OS_CPU_ARM_ExceptSwiHndlr
   Definitions
      At line 21 in file ..\BSP\vectors.s
   Uses
      At line 55 in file ..\BSP\vectors.s
Comment: OS_CPU_ARM_ExceptSwiHndlr used once
OS_CPU_ARM_ExceptUndefInstrHndlr 00000000

Symbol: OS_CPU_ARM_ExceptUndefInstrHndlr
   Definitions
      At line 20 in file ..\BSP\vectors.s
   Uses
      At line 54 in file ..\BSP\vectors.s
Comment: OS_CPU_ARM_ExceptUndefInstrHndlr used once
ResetHndlr 00000000

Symbol: ResetHndlr
   Definitions
      At line 26 in file ..\BSP\vectors.s
   Uses
      At line 53 in file ..\BSP\vectors.s
Comment: ResetHndlr used once
7 symbols
336 symbols in table
